Building DAG of jobs...
Using shell: /bin/bash
Provided cores: 8
Rules claiming more threads will be scaled down.
Job stats:
job                 count
----------------  -------
scrape_headlines        1
total                   1

Select jobs to execute...

[Thu Dec 14 18:24:47 2023]
rule scrape_headlines:
    output: data/headlines.txt
    jobid: 0
    reason: Missing output files: data/headlines.txt
    resources: tmpdir=/var/folders/ym/n1kgds6j1tvdcg86cd62rtyw0000gn/T

[Thu Dec 14 18:25:14 2023]
Finished job 0.
1 of 1 steps (100%) done
Complete log: .snakemake/log/2023-12-14T182447.758676.snakemake.log
