Building DAG of jobs...
Using shell: /bin/bash
Provided cores: 8
Rules claiming more threads will be scaled down.
Job stats:
job                 count
----------------  -------
scrape_headlines        1
total                   1

Select jobs to execute...

[Tue Dec 12 22:30:54 2023]
rule scrape_headlines:
    output: headlines.txt
    jobid: 0
    reason: Missing output files: headlines.txt
    resources: tmpdir=/var/folders/ym/n1kgds6j1tvdcg86cd62rtyw0000gn/T

[Tue Dec 12 22:30:54 2023]
Error in rule scrape_headlines:
    jobid: 0
    output: headlines.txt
    shell:
        python scrape_headlines.py --url https://www.wsj.com/politics/elections --output headlines.txt
        (one of the commands exited with non-zero exit code; note that snakemake uses bash strict mode!)

Shutting down, this might take some time.
Exiting because a job execution failed. Look above for error message
Complete log: .snakemake/log/2023-12-12T223054.621772.snakemake.log
